23:51:57: [INFO] [/Users/tomalmog/Clubs/WARG/p2/modules/command/command_worker.py | command_worker | 52] Logger initialized
23:51:57: [INFO] [/Users/tomalmog/Clubs/WARG/p2/modules/command/command.py | run | 100] Average velocity: (0.000, 0.000, 4.000)
23:51:57: [INFO] CHANGE ALTITUDE: 1.0
23:51:58: [INFO] [/Users/tomalmog/Clubs/WARG/p2/modules/command/command.py | run | 100] Average velocity: (0.000, 0.000, 1.000)
23:51:58: [INFO] CHANGE ALTITUDE: -1.0
23:51:58: [INFO] [/Users/tomalmog/Clubs/WARG/p2/modules/command/command.py | run | 100] Average velocity: (0.000, 0.000, 0.667)
23:51:59: [INFO] [/Users/tomalmog/Clubs/WARG/p2/modules/command/command.py | run | 100] Average velocity: (0.000, 0.000, 0.500)
23:51:59: [INFO] [/Users/tomalmog/Clubs/WARG/p2/modules/command/command.py | run | 100] Average velocity: (0.000, 0.000, 0.400)
23:52:00: [INFO] [/Users/tomalmog/Clubs/WARG/p2/modules/command/command.py | run | 100] Average velocity: (0.000, 0.000, 0.333)
23:52:00: [INFO] [/Users/tomalmog/Clubs/WARG/p2/modules/command/command.py | run | 100] Average velocity: (0.000, 0.000, 0.286)
23:52:01: [INFO] [/Users/tomalmog/Clubs/WARG/p2/modules/command/command.py | run | 100] Average velocity: (0.000, 2.500, 0.250)
23:52:01: [INFO] CHANGE YAW: 63.43494882292201
23:52:01: [INFO] [/Users/tomalmog/Clubs/WARG/p2/modules/command/command.py | run | 100] Average velocity: (0.000, 4.444, 0.222)
23:52:01: [INFO] CHANGE YAW: 90.0
23:52:02: [INFO] [/Users/tomalmog/Clubs/WARG/p2/modules/command/command.py | run | 100] Average velocity: (0.000, 6.000, 0.200)
23:52:02: [INFO] CHANGE YAW: 116.56505117707799
23:52:02: [INFO] [/Users/tomalmog/Clubs/WARG/p2/modules/command/command.py | run | 100] Average velocity: (1.818, 5.455, 0.182)
23:52:02: [INFO] CHANGE YAW: 45.0
23:52:03: [INFO] [/Users/tomalmog/Clubs/WARG/p2/modules/command/command.py | run | 100] Average velocity: (3.333, 5.000, 0.167)
23:52:03: [INFO] CHANGE YAW: 63.43494882292201
23:52:03: [INFO] [/Users/tomalmog/Clubs/WARG/p2/modules/command/command.py | run | 100] Average velocity: (4.615, 4.615, 0.154)
23:52:03: [INFO] CHANGE YAW: 90.0
23:52:04: [INFO] [/Users/tomalmog/Clubs/WARG/p2/modules/command/command.py | run | 100] Average velocity: (4.286, 2.857, 0.143)
23:52:04: [INFO] CHANGE YAW: 26.565051177077994
23:52:04: [INFO] [/Users/tomalmog/Clubs/WARG/p2/modules/command/command.py | run | 100] Average velocity: (4.000, 1.333, 0.133)
23:52:04: [INFO] CHANGE YAW: 45.0
23:52:05: [INFO] [/Users/tomalmog/Clubs/WARG/p2/modules/command/command.py | run | 100] Average velocity: (3.750, 0.000, 0.125)
23:52:05: [INFO] CHANGE YAW: 90.0
23:52:05: [INFO] [/Users/tomalmog/Clubs/WARG/p2/modules/command/command.py | run | 100] Average velocity: (2.353, 0.000, 0.118)
23:52:05: [INFO] CHANGE YAW: 45.0
23:52:06: [INFO] [/Users/tomalmog/Clubs/WARG/p2/modules/command/command.py | run | 100] Average velocity: (1.111, 0.000, 0.111)
23:52:06: [INFO] CHANGE YAW: 90.0
23:52:06: [INFO] [/Users/tomalmog/Clubs/WARG/p2/modules/command/command.py | run | 100] Average velocity: (0.000, 0.000, 0.105)
23:52:06: [INFO] CHANGE YAW: 135.0
23:52:07: [INFO] [/Users/tomalmog/Clubs/WARG/p2/modules/command/command.py | run | 100] Average velocity: (0.000, 1.000, 0.100)
23:52:07: [INFO] CHANGE YAW: -26.565051177077994
23:52:07: [INFO] [/Users/tomalmog/Clubs/WARG/p2/modules/command/command.py | run | 100] Average velocity: (0.000, 1.905, 0.095)
23:52:07: [INFO] CHANGE YAW: -45.0
23:52:08: [INFO] [/Users/tomalmog/Clubs/WARG/p2/modules/command/command.py | run | 100] Average velocity: (0.000, 2.727, 0.091)
23:52:08: [INFO] CHANGE YAW: -90.0
23:52:08: [INFO] [/Users/tomalmog/Clubs/WARG/p2/modules/command/command.py | run | 100] Average velocity: (0.870, 2.609, 0.087)
23:52:08: [INFO] CHANGE YAW: -45.0
23:52:09: [INFO] [/Users/tomalmog/Clubs/WARG/p2/modules/command/command.py | run | 100] Average velocity: (1.667, 2.500, 0.083)
23:52:09: [INFO] CHANGE YAW: -90.0
23:52:09: [INFO] [/Users/tomalmog/Clubs/WARG/p2/modules/command/command.py | run | 100] Average velocity: (2.400, 2.400, 0.080)
23:52:09: [INFO] CHANGE YAW: -135.0
23:52:10: [INFO] [/Users/tomalmog/Clubs/WARG/p2/modules/command/command.py | run | 100] Average velocity: (2.308, 1.538, 0.077)
23:52:10: [INFO] CHANGE YAW: -63.43494882292201
23:52:10: [INFO] [/Users/tomalmog/Clubs/WARG/p2/modules/command/command.py | run | 100] Average velocity: (2.222, 0.741, 0.074)
23:52:10: [INFO] CHANGE YAW: -90.0
23:52:11: [INFO] [/Users/tomalmog/Clubs/WARG/p2/modules/command/command.py | run | 100] Average velocity: (2.143, 0.000, 0.071)
23:52:11: [INFO] CHANGE YAW: -116.56505117707799
23:52:11: [INFO] [/Users/tomalmog/Clubs/WARG/p2/modules/command/command.py | run | 100] Average velocity: (1.379, 0.000, 0.069)
23:52:11: [INFO] CHANGE YAW: -45.0
23:52:12: [INFO] [/Users/tomalmog/Clubs/WARG/p2/modules/command/command.py | run | 100] Average velocity: (0.667, 0.000, 0.067)
23:52:12: [INFO] CHANGE YAW: -63.43494882292201
23:52:12: [INFO] [/Users/tomalmog/Clubs/WARG/p2/modules/command/command.py | run | 100] Average velocity: (0.000, 0.000, 0.065)
23:52:12: [INFO] CHANGE YAW: -90.0
